#-----------------------------------------------------------
# Vivado v2024.2 (64-bit)
# SW Build 5239630 on Fri Nov 08 22:35:27 MST 2024
# IP Build 5239520 on Sun Nov 10 16:12:51 MST 2024
# SharedData Build 5239561 on Fri Nov 08 14:39:27 MST 2024
# Start of session at: Sun Dec 22 13:10:11 2024
# Process ID         : 26940
# Current directory  : C:/Users/jimen/OneDrive/Documents/GitHub/M-quina_Expendedora/MAQ_EXPENDEDORA
# Command line       : vivado.exe -gui_launcher_event rodinguilauncherevent2744 C:\Users\jimen\OneDrive\Documents\GitHub\M-quina_Expendedora\MAQ_EXPENDEDORA\MAQ_EXPENDEDORA.xpr
# Log file           : C:/Users/jimen/OneDrive/Documents/GitHub/M-quina_Expendedora/MAQ_EXPENDEDORA/vivado.log
# Journal file       : C:/Users/jimen/OneDrive/Documents/GitHub/M-quina_Expendedora/MAQ_EXPENDEDORA\vivado.jou
# Running On         : LAPTOP-EOQDQ6OP
# Platform           : Windows Server 2016 or Windows 10
# Operating System   : 22631
# Processor Detail   : Intel(R) Core(TM) i7-10750H CPU @ 2.60GHz
# CPU Frequency      : 2592 MHz
# CPU Physical cores : 6
# CPU Logical cores  : 12
# Host memory        : 16940 MB
# Swap memory        : 5368 MB
# Total Virtual      : 22308 MB
# Available Virtual  : 9101 MB
#-----------------------------------------------------------
start_gui
open_project C:/Users/jimen/OneDrive/Documents/GitHub/M-quina_Expendedora/MAQ_EXPENDEDORA/MAQ_EXPENDEDORA.xpr
INFO: [filemgmt 56-3] Default IP Output Path : Could not find the directory 'C:/Users/jimen/OneDrive/Documents/GitHub/M-quina_Expendedora/MAQ_EXPENDEDORA/MAQ_EXPENDEDORA.gen/sources_1'.
Scanning sources...
Finished scanning sources
INFO: [IP_Flow 19-234] Refreshing IP repositories
INFO: [IP_Flow 19-1704] No user IP repositories specified
INFO: [IP_Flow 19-2313] Loaded Vivado IP repository 'C:/Xilinx/Vivado/2024.2/data/ip'.
update_compile_order -fileset sources_1
exit
INFO: [Common 17-206] Exiting Vivado at Sun Dec 22 13:10:52 2024...
te_compile_order -fileset sources_1
