#-----------------------------------------------------------
# Vivado v2024.2 (64-bit)
# SW Build 5239630 on Fri Nov 08 22:35:27 MST 2024
# IP Build 5239520 on Sun Nov 10 16:12:51 MST 2024
# SharedData Build 5239561 on Fri Nov 08 14:39:27 MST 2024
# Start of session at: Wed Dec 18 12:44:46 2024
# Process ID         : 25156
# Current directory  : C:/Users/jimen/OneDrive/Documents/GitHub/M-quina_Expendedora/Maquina_expendedora
# Command line       : vivado.exe -gui_launcher_event rodinguilauncherevent40904 C:\Users\jimen\OneDrive\Documents\GitHub\M-quina_Expendedora\Maquina_expendedora\Maquina_Expendedora.xpr
# Log file           : C:/Users/jimen/OneDrive/Documents/GitHub/M-quina_Expendedora/Maquina_expendedora/vivado.log
# Journal file       : C:/Users/jimen/OneDrive/Documents/GitHub/M-quina_Expendedora/Maquina_expendedora\vivado.jou
# Running On         : LAPTOP-EOQDQ6OP
# Platform           : Windows Server 2016 or Windows 10
# Operating System   : 22631
# Processor Detail   : Intel(R) Core(TM) i7-10750H CPU @ 2.60GHz
# CPU Frequency      : 2592 MHz
# CPU Physical cores : 6
# CPU Logical cores  : 12
# Host memory        : 16940 MB
# Swap memory        : 9126 MB
# Total Virtual      : 26067 MB
# Available Virtual  : 5368 MB
#-----------------------------------------------------------
start_gui
exit
INFO: [Common 17-206] Exiting Vivado at Wed Dec 18 15:46:59 2024...
na_expendedora.xpr
INFO: [filemgmt 56-3] Default IP Output Path : Could not find the directory 'C:/Users/jimen/Maquina_Expendedora/Maquina_expendedora/Maquina_expendedora.gen/sources_1'.
WARNING: [filemgmt 56-3] IPUserFilesDir: Could not find the directory 'C:/Users/jimen/Maquina_Expendedora/Maquina_expendedora/Maquina_expendedora.ip_user_files'.
CRITICAL WARNING: [Project 1-19] Could not find the file 'C:/Users/jimen/Maquina_Expendedora/Maquina_Expendedora.srcs/sources_1/new/SYNCHRONIZER.vhd'.
Scanning sources...
Finished scanning sources
INFO: [IP_Flow 19-234] Refreshing IP repositories
INFO: [IP_Flow 19-1704] No user IP repositories specified
INFO: [IP_Flow 19-2313] Loaded Vivado IP repository 'C:/Xilinx/Vivado/2024.2/data/ip'.
update_compile_order -fileset sources_1
file mkdir C:/Users/jimen/Maquina_Expendedora/Maquina_expendedora/Maquina_expendedora.srcs/sim_1/new
set_property SOURCE_SET sources_1 [get_filesets sim_1]
close [ open C:/Users/jimen/Maquina_Expendedora/Maquina_expendedora/Maquina_expendedora.srcs/sim_1/new/tb.vhd w ]
add_files -fileset sim_1 C:/Users/jimen/Maquina_Expendedora/Maquina_expendedora/Maquina_expendedora.srcs/sim_1/new/tb.vhd
update_compile_order -fileset sim_1
launch_simulation
Command: launch_simulation 
INFO: [Vivado 12-12493] Simulation top is 'MAQ_EXP'
WARNING: [Vivado 12-13340] Unable to auto find GCC executables from simulator install path! (path not set)
INFO: [Vivado 12-5682] Launching behavioral simulation in 'C:/Users/jimen/Maquina_Expendedora/Maquina_expendedora/Maquina_expendedora.sim/sim_1/behav/xsim'
INFO: [SIM-utils-51] Simulation object is 'sim_1'
INFO: [SIM-utils-72] Using boost library from 'C:/Xilinx/Vivado/2024.2/tps/boost_1_72_0'
INFO: [SIM-utils-54] Inspecting design source files for 'MAQ_EXP' in fileset 'sim_1'...
INFO: [USF-XSim-97] Finding global include files...
INFO: [USF-XSim-98] Fetching design files from 'sim_1'...
INFO: [USF-XSim-2] XSim::Compile design
INFO: [USF-XSim-61] Executing 'COMPILE and ANALYZE' step in 'C:/Users/jimen/Maquina_Expendedora/Maquina_expendedora/Maquina_expendedora.sim/sim_1/behav/xsim'
"xvhdl --incr --relax -prj MAQ_EXP_vhdl.prj"
INFO: [VRFC 10-163] Analyzing VHDL file "C:/Users/jimen/Maquina_Expendedora/Maquina_expendedora/Maquina_expendedora.srcs/sources_1/new/MAQ_EXP.vhd" into library xil_defaultlib
INFO: [VRFC 10-3107] analyzing entity 'MAQ_EXP'
INFO: [USF-XSim-69] 'compile' step finished in '3' seconds
INFO: [USF-XSim-3] XSim::Elaborate design
INFO: [USF-XSim-61] Executing 'ELABORATE' step in 'C:/Users/jimen/Maquina_Expendedora/Maquina_expendedora/Maquina_expendedora.sim/sim_1/behav/xsim'
"xelab --incr --debug typical --relax --mt 2 -L xil_defaultlib -L secureip --snapshot MAQ_EXP_behav xil_defaultlib.MAQ_EXP -log elaborate.log"
Vivado Simulator v2024.2.0
Copyright 1986-2022 Xilinx, Inc. All Rights Reserved.
Copyright 2022-2024 Advanced Micro Devices, Inc. All Rights Reserved.
Running: C:/Xilinx/Vivado/2024.2/bin/unwrapped/win64.o/xelab.exe --incr --debug typical --relax --mt 2 -L xil_defaultlib -L secureip --snapshot MAQ_EXP_behav xil_defaultlib.MAQ_EXP -log elaborate.log 
Using 2 slave threads.
Starting static elaboration
Completed static elaboration
Starting simulation data flow analysis
Completed simulation data flow analysis
Time Resolution for simulation is 1ps
Compiling package std.standard
Compiling package std.textio
Compiling package ieee.std_logic_1164
Compiling architecture behavioral of entity xil_defaultlib.maq_exp
Built simulation snapshot MAQ_EXP_behav
INFO: [USF-XSim-69] 'elaborate' step finished in '3' seconds
INFO: [USF-XSim-4] XSim::Simulate design
INFO: [USF-XSim-61] Executing 'SIMULATE' step in 'C:/Users/jimen/Maquina_Expendedora/Maquina_expendedora/Maquina_expendedora.sim/sim_1/behav/xsim'
INFO: [USF-XSim-98] *** Running xsim
   with args "MAQ_EXP_behav -key {Behavioral:sim_1:Functional:MAQ_EXP} -tclbatch {MAQ_EXP.tcl} -log {simulate.log}"
INFO: [USF-XSim-8] Loading simulator feature
INFO: [Common 17-41] Interrupt caught. Command should exit soon.
