#-----------------------------------------------------------
# Vivado v2024.2 (64-bit)
# SW Build 5239630 on Fri Nov 08 22:35:27 MST 2024
# IP Build 5239520 on Sun Nov 10 16:12:51 MST 2024
# SharedData Build 5239561 on Fri Nov 08 14:39:27 MST 2024
# Start of session at: Tue Dec 17 13:12:17 2024
# Process ID         : 28132
# Current directory  : C:/Users/jimen/OneDrive/Documents/GitHub/M-quina_Expendedora/Maquina_expendedora
# Command line       : vivado.exe -gui_launcher_event rodinguilauncherevent33164 C:\Users\jimen\OneDrive\Documents\GitHub\M-quina_Expendedora\Maquina_expendedora\Maquina_expendedora.xpr
# Log file           : C:/Users/jimen/OneDrive/Documents/GitHub/M-quina_Expendedora/Maquina_expendedora/vivado.log
# Journal file       : C:/Users/jimen/OneDrive/Documents/GitHub/M-quina_Expendedora/Maquina_expendedora\vivado.jou
# Running On         : LAPTOP-EOQDQ6OP
# Platform           : Windows Server 2016 or Windows 10
# Operating System   : 22631
# Processor Detail   : Intel(R) Core(TM) i7-10750H CPU @ 2.60GHz
# CPU Frequency      : 2592 MHz
# CPU Physical cores : 6
# CPU Logical cores  : 12
# Host memory        : 16940 MB
# Swap memory        : 9126 MB
# Total Virtual      : 26067 MB
# Available Virtual  : 6106 MB
#-----------------------------------------------------------
start_gui
open_project C:/Users/jimen/OneDrive/Documents/GitHub/M-quina_Expendedora/Maquina_expendedora/Maquina_expendedora.xpr
INFO: [Project 1-313] Project file moved from 'C:/Users/jimen/Maquina_Expendedora/Maquina_expendedora' since last save.
INFO: [filemgmt 56-3] Default IP Output Path : Could not find the directory 'C:/Users/jimen/OneDrive/Documents/GitHub/M-quina_Expendedora/Maquina_expendedora/Maquina_expendedora.gen/sources_1'.
WARNING: [filemgmt 56-3] IPUserFilesDir: Could not find the directory 'C:/Users/jimen/OneDrive/Documents/GitHub/M-quina_Expendedora/Maquina_expendedora/Maquina_expendedora.ip_user_files'.
CRITICAL WARNING: [Project 1-311] Could not find the file 'C:/Users/jimen/OneDrive/Documents/GitHub/M-quina_Expendedora/Maquina_Expendedora.srcs/sources_1/new/SYNCHRONIZER.vhd', nor could it be found using path 'C:/Users/jimen/Maquina_Expendedora/Maquina_Expendedora.srcs/sources_1/new/SYNCHRONIZER.vhd'.
Scanning sources...
Finished scanning sources
INFO: [IP_Flow 19-234] Refreshing IP repositories
INFO: [IP_Flow 19-1704] No user IP repositories specified
INFO: [IP_Flow 19-2313] Loaded Vivado IP repository 'C:/Xilinx/Vivado/2024.2/data/ip'.
open_project: Time (s): cpu = 00:00:07 ; elapsed = 00:00:07 . Memory (MB): peak = 1138.227 ; gain = 68.512
update_compile_order -fileset sources_1
exit
INFO: [Common 17-206] Exiting Vivado at Tue Dec 17 13:20:18 2024...
